<?xml version="1.0" encoding="UTF-8"?>
<testng-results ignored="0" total="2" passed="2" failed="0" skipped="0">
  <reporter-output>
  </reporter-output>
  <suite started-at="2022-05-18T09:18:09 BST" name="AutomationTask" finished-at="2022-05-18T09:18:24 BST" duration-ms="14966">
    <groups>
    </groups>
    <test started-at="2022-05-18T09:18:09 BST" name="Test1" finished-at="2022-05-18T09:18:20 BST" duration-ms="10658">
      <class name="testCases.TC_001">
        <test-method is-config="true" signature="setUp()[pri:0, instance:testCases.TC_001@6bd61f98]" started-at="2022-05-18T09:18:09 BST" name="setUp" finished-at="2022-05-18T09:18:16 BST" duration-ms="7035" status="PASS">
          <reporter-output>
          </reporter-output>
        </test-method> <!-- setUp -->
        <test-method signature="test1()[pri:0, instance:testCases.TC_001@6bd61f98]" started-at="2022-05-18T09:18:16 BST" name="test1" finished-at="2022-05-18T09:18:19 BST" duration-ms="3158" status="PASS">
          <reporter-output>
          </reporter-output>
        </test-method> <!-- test1 -->
        <test-method is-config="true" signature="tearDown()[pri:0, instance:testCases.TC_001@6bd61f98]" started-at="2022-05-18T09:18:19 BST" name="tearDown" finished-at="2022-05-18T09:18:20 BST" duration-ms="408" status="PASS">
          <reporter-output>
          </reporter-output>
        </test-method> <!-- tearDown -->
      </class> <!-- testCases.TC_001 -->
    </test> <!-- Test1 -->
    <test started-at="2022-05-18T09:18:20 BST" name="Test2" finished-at="2022-05-18T09:18:24 BST" duration-ms="4282">
      <class name="testCases.TC_002">
        <test-method is-config="true" signature="setUp()[pri:0, instance:testCases.TC_002@3c77d488]" started-at="2022-05-18T09:18:20 BST" name="setUp" finished-at="2022-05-18T09:18:24 BST" duration-ms="3824" status="PASS">
          <reporter-output>
          </reporter-output>
        </test-method> <!-- setUp -->
        <test-method signature="test2()[pri:0, instance:testCases.TC_002@3c77d488]" started-at="2022-05-18T09:18:24 BST" name="test2" finished-at="2022-05-18T09:18:24 BST" duration-ms="126" status="PASS">
          <reporter-output>
          </reporter-output>
        </test-method> <!-- test2 -->
        <test-method is-config="true" signature="tearDown()[pri:0, instance:testCases.TC_002@3c77d488]" started-at="2022-05-18T09:18:24 BST" name="tearDown" finished-at="2022-05-18T09:18:24 BST" duration-ms="329" status="PASS">
          <reporter-output>
          </reporter-output>
        </test-method> <!-- tearDown -->
      </class> <!-- testCases.TC_002 -->
    </test> <!-- Test2 -->
  </suite> <!-- AutomationTask -->
</testng-results>
